Copyright © 2012 - 2020, Udacity, Inc.

Udacity hereby grants you a license in and to the Educational Content, including
but not limited to homework assignments, programming assignments, code samples,
and other educational materials and tools (as further described in the Udacity
Terms of Use), subject to, as modified herein, the terms and conditions of the
Creative Commons Attribution-NonCommercial- NoDerivs 3.0 License located at
http://creativecommons.org/licenses/by-nc-nd/4.0 and successor locations for
such license (the "CC License") provided that, in each case, the Educational
Content is specifically marked as being subject to the CC License.

Udacity expressly defines the following as falling outside the definition of
"non-commercial":
(a) the sale or rental of (i) any part of the Educational Content, (ii) any
    derivative works based at least in part on the Educational Content, or (iii)
    any collective work that includes any part of the Educational Content;
(b) the sale of access or a link to any part of the Educational Content without
    first obtaining informed consent from the buyer (that the buyer is aware
    that the Educational Content, or such part thereof, is available at the
    Website free of charge);
(c) providing training, support, or editorial services that use or reference the
    Educational Content in exchange for a fee;
(d) the sale of advertisements, sponsorships, or promotions placed on the
    Educational Content, or any part thereof, or the sale of advertisements,
    sponsorships, or promotions on any website or blog containing any part of
    the Educational Material, including without limitation any "pop-up
    advertisements";
(e) the use of Educational Content by a college, university, school, or other
    educational institution for instruction where tuition is charged; and
(f) the use of Educational Content by a for-profit corporation or non-profit
    entity for internal professional development or training.

THE SERVICES AND ONLINE COURSES (INCLUDING ANY CONTENT) ARE PROVIDED "AS IS" AND
"AS AVAILABLE" WITH NO REPRESENTATIONS OR WARRANTIES OF ANY KIND, EITHER
EXPRESSED OR IMPLIED, INCLUDING, BUT NOT LIMITED TO, THE IMPLIED WARRANTIES OF
MERCHANTABILITY, FITNESS FOR A PARTICULAR PURPOSE, AND NON-INFRINGEMENT. YOU
ASSUME TOTAL RESPONSIBILITY AND THE ENTIRE RISK FOR YOUR USE OF THE SERVICES,
ONLINE COURSES, AND CONTENT. WITHOUT LIMITING THE FOREGOING, WE DO NOT WARRANT
THAT (A) THE SERVICES, WEBSITES, CONTENT, OR THE ONLINE COURSES WILL MEET YOUR
REQUIREMENTS OR EXPECTATIONS OR ACHIEVE THE INTENDED PURPOSES, (B) THE WEBSITES
OR THE ONLINE COURSES WILL NOT EXPERIENCE OUTAGES OR OTHERWISE BE UNINTERRUPTED,
TIMELY, SECURE OR ERROR-FREE, (C) THE INFORMATION OR CONTENT OBTAINED THROUGH
THE SERVICES, SUCH AS CHAT ROOM SERVICES, WILL BE ACCURATE, COMPLETE, CURRENT,
ERROR- FREE, COMPLETELY SECURE OR RELIABLE, OR (D) THAT DEFECTS IN OR ON THE
SERVICES OR CONTENT WILL BE CORRECTED. YOU ASSUME ALL RISK OF PERSONAL INJURY,
INCLUDING DEATH AND DAMAGE TO PERSONAL PROPERTY, SUSTAINED FROM USE OF SERVICES.



Level,Date and Time,Source,Event ID,Task Category
Information,10/13/2024 9:29:48 AM,Microsoft-Windows-EventSystem,4625,None,The EventSystem sub system is suppressing duplicate event log entries for a duration of 86400 seconds.  The suppression timeout can be controlled by a REG_DWORD value named SuppressDuplicateDuration under the following registry key: HKLM\Software\Microsoft\EventSystem\EventLog.
Information,10/13/2024 2:12:35 AM,Microsoft-Windows-EventSystem,4625,None,The EventSystem sub system is suppressing duplicate event log entries for a duration of 86400 seconds.  The suppression timeout can be controlled by a REG_DWORD value named SuppressDuplicateDuration under the following registry key: HKLM\Software\Microsoft\EventSystem\EventLog.
Information,10/13/2024 2:10:56 AM,Microsoft-Windows-EventSystem,4625,None,The EventSystem sub system is suppressing duplicate event log entries for a duration of 86400 seconds.  The suppression timeout can be controlled by a REG_DWORD value named SuppressDuplicateDuration under the following registry key: HKLM\Software\Microsoft\EventSystem\EventLog.
Information,2/8/2023 11:51:13 AM,Microsoft-Windows-EventSystem,4625,None,The EventSystem sub system is suppressing duplicate event log entries for a duration of 86400 seconds.  The suppression timeout can be controlled by a REG_DWORD value named SuppressDuplicateDuration under the following registry key: HKLM\Software\Microsoft\EventSystem\EventLog.
Information,2/8/2023 7:45:22 AM,Microsoft-Windows-EventSystem,4625,None,The EventSystem sub system is suppressing duplicate event log entries for a duration of 86400 seconds.  The suppression timeout can be controlled by a REG_DWORD value named SuppressDuplicateDuration under the following registry key: HKLM\Software\Microsoft\EventSystem\EventLog.
Information,2/8/2023 7:43:49 AM,Microsoft-Windows-EventSystem,4625,None,The EventSystem sub system is suppressing duplicate event log entries for a duration of 86400 seconds.  The suppression timeout can be controlled by a REG_DWORD value named SuppressDuplicateDuration under the following registry key: HKLM\Software\Microsoft\EventSystem\EventLog.
Information,11/19/2021 2:33:26 AM,Microsoft-Windows-EventSystem,4625,None,The EventSystem sub system is suppressing duplicate event log entries for a duration of 86400 seconds.  The suppression timeout can be controlled by a REG_DWORD value named SuppressDuplicateDuration under the following registry key: HKLM\Software\Microsoft\EventSystem\EventLog.
Information,11/19/2021 2:08:03 AM,Microsoft-Windows-EventSystem,4625,None,The EventSystem sub system is suppressing duplicate event log entries for a duration of 86400 seconds.  The suppression timeout can be controlled by a REG_DWORD value named SuppressDuplicateDuration under the following registry key: HKLM\Software\Microsoft\EventSystem\EventLog.
Information,7/20/2021 6:04:48 AM,Microsoft-Windows-EventSystem,4625,None,The EventSystem sub system is suppressing duplicate event log entries for a duration of 86400 seconds.  The suppression timeout can be controlled by a REG_DWORD value named SuppressDuplicateDuration under the following registry key: HKLM\Software\Microsoft\EventSystem\EventLog.
Information,7/20/2021 5:48:36 AM,Microsoft-Windows-EventSystem,4625,None,The EventSystem sub system is suppressing duplicate event log entries for a duration of 86400 seconds.  The suppression timeout can be controlled by a REG_DWORD value named SuppressDuplicateDuration under the following registry key: HKLM\Software\Microsoft\EventSystem\EventLog.
Information,7/19/2021 12:53:33 PM,Microsoft-Windows-EventSystem,4625,None,The EventSystem sub system is suppressing duplicate event log entries for a duration of 86400 seconds.  The suppression timeout can be controlled by a REG_DWORD value named SuppressDuplicateDuration under the following registry key: HKLM\Software\Microsoft\EventSystem\EventLog.
Information,7/19/2021 6:02:42 AM,Microsoft-Windows-EventSystem,4625,None,The EventSystem sub system is suppressing duplicate event log entries for a duration of 86400 seconds.  The suppression timeout can be controlled by a REG_DWORD value named SuppressDuplicateDuration under the following registry key: HKLM\Software\Microsoft\EventSystem\EventLog.
Information,5/20/2020 6:49:33 PM,Microsoft-Windows-EventSystem,4625,None,The EventSystem sub system is suppressing duplicate event log entries for a duration of 86400 seconds.  The suppression timeout can be controlled by a REG_DWORD value named SuppressDuplicateDuration under the following registry key: HKLM\Software\Microsoft\EventSystem\EventLog.
Information,5/20/2020 6:42:00 PM,Microsoft-Windows-EventSystem,4625,None,The EventSystem sub system is suppressing duplicate event log entries for a duration of 86400 seconds.  The suppression timeout can be controlled by a REG_DWORD value named SuppressDuplicateDuration under the following registry key: HKLM\Software\Microsoft\EventSystem\EventLog.
Information,5/20/2020 6:41:38 PM,Microsoft-Windows-EventSystem,4625,None,The EventSystem sub system is suppressing duplicate event log entries for a duration of 86400 seconds.  The suppression timeout can be controlled by a REG_DWORD value named SuppressDuplicateDuration under the following registry key: HKLM\Software\Microsoft\EventSystem\EventLog.
Information,5/20/2020 6:40:29 PM,Microsoft-Windows-EventSystem,4625,None,The EventSystem sub system is suppressing duplicate event log entries for a duration of 86400 seconds.  The suppression timeout can be controlled by a REG_DWORD value named SuppressDuplicateDuration under the following registry key: HKLM\Software\Microsoft\EventSystem\EventLog.
Information,5/20/2020 1:01:11 PM,Microsoft-Windows-EventSystem,4625,None,The EventSystem sub system is suppressing duplicate event log entries for a duration of 86400 seconds.  The suppression timeout can be controlled by a REG_DWORD value named SuppressDuplicateDuration under the following registry key: HKLM\Software\Microsoft\EventSystem\EventLog.
Information,5/14/2020 4:11:48 AM,Microsoft-Windows-EventSystem,4625,None,The EventSystem sub system is suppressing duplicate event log entries for a duration of 86400 seconds.  The suppression timeout can be controlled by a REG_DWORD value named SuppressDuplicateDuration under the following registry key: HKLM\Software\Microsoft\EventSystem\EventLog.
Information,5/13/2020 1:08:42 PM,Microsoft-Windows-EventSystem,4625,None,The EventSystem sub system is suppressing duplicate event log entries for a duration of 86400 seconds.  The suppression timeout can be controlled by a REG_DWORD value named SuppressDuplicateDuration under the following registry key: HKLM\Software\Microsoft\EventSystem\EventLog.
Information,5/12/2020 3:41:30 PM,Microsoft-Windows-EventSystem,4625,None,The EventSystem sub system is suppressing duplicate event log entries for a duration of 86400 seconds.  The suppression timeout can be controlled by a REG_DWORD value named SuppressDuplicateDuration under the following registry key: HKLM\Software\Microsoft\EventSystem\EventLog.

